Using v4.34.0 version
COPY Copying file blog/django-user-converters/files.json
COPY Copying file blog/django-user-converters/index.yaml
COPY Copying file blog/django-user-converters/toc.yaml
COPY Copying file blog/django-user-converters/Пользовательские конверторы в Django/Вопросы для закрепления/Вопрос 1/task.md
COPY Copying file blog/django-user-converters/Пользовательские конверторы в Django/Вопросы для закрепления/Вопрос 2/task.md
COPY Copying file blog/django-user-converters/Пользовательские конверторы в Django/Вопросы для закрепления/Вопрос 3/task.md
COPY Copying file blog/django-user-converters/Пользовательские конверторы в Django/Вопросы для закрепления/Вопрос 4/task.md
COPY Copying file blog/django-user-converters/Пользовательские конверторы в Django/Вопросы для закрепления/Вопрос 5/task.md
COPY Copying file blog/django-user-converters/Пользовательские конверторы в Django/Пользовательские конверторы в Django/Конверторы в Django/task.md
COPY Copying file blog/index.yaml
COPY Copying file blog/python-basic-while-loop/files.json
COPY Copying file blog/python-basic-while-loop/index.yaml
COPY Copying file blog/python-basic-while-loop/toc.yaml
COPY Copying file blog/python-basic-while-loop/Цикл с условием/Вопросы для самопроверки/Вопрос 1/task.md
COPY Copying file blog/python-basic-while-loop/Цикл с условием/Вопросы для самопроверки/Вопрос 2/task.md
COPY Copying file blog/python-basic-while-loop/Цикл с условием/Вопросы для самопроверки/Вопрос 3/task.md
COPY Copying file blog/python-basic-while-loop/Цикл с условием/Цикл с условием/Гипотеза Коллатца/task.md
COPY Copying file blog/python-basic-while-loop/Цикл с условием/Цикл с условием/Цикл с условием/task.md
COPY Copying file blog/toc.yaml
